Building DAG of jobs...
Using shell: /usr/bin/bash
Provided cores: 1 (use --cores to define parallelism)
Rules claiming more threads will be scaled down.
Job counts:
	count	jobs
	1	all
	1	combine
	3	copy
	3	uppercase
	8
Select jobs to execute...

[Wed Jan 20 19:37:21 2021]
rule copy:
    input: B_input.txt
    output: B_copy.txt
    jobid: 5
    wildcards: file=B

[Wed Jan 20 19:37:21 2021]
Finished job 5.
1 of 8 steps (12%) done
Select jobs to execute...

[Wed Jan 20 19:37:21 2021]
rule copy:
    input: A_input.txt
    output: A_copy.txt
    jobid: 3
    wildcards: file=A

[Wed Jan 20 19:37:21 2021]
Finished job 3.
2 of 8 steps (25%) done
Select jobs to execute...

[Wed Jan 20 19:37:21 2021]
rule uppercase:
    input: B_copy.txt
    output: B_output.txt
    jobid: 4
    wildcards: file=B

[Wed Jan 20 19:37:21 2021]
Finished job 4.
3 of 8 steps (38%) done
Select jobs to execute...

[Wed Jan 20 19:37:21 2021]
rule copy:
    input: C_input.txt
    output: C_copy.txt
    jobid: 7
    wildcards: file=C

[Wed Jan 20 19:37:21 2021]
Finished job 7.
4 of 8 steps (50%) done
Select jobs to execute...

[Wed Jan 20 19:37:21 2021]
rule uppercase:
    input: A_copy.txt
    output: A_output.txt
    jobid: 2
    wildcards: file=A

[Wed Jan 20 19:37:21 2021]
Finished job 2.
5 of 8 steps (62%) done
Select jobs to execute...

[Wed Jan 20 19:37:21 2021]
rule uppercase:
    input: C_copy.txt
    output: C_output.txt
    jobid: 6
    wildcards: file=C

[Wed Jan 20 19:37:21 2021]
Finished job 6.
6 of 8 steps (75%) done
Select jobs to execute...

[Wed Jan 20 19:37:21 2021]
rule combine:
    input: A_output.txt, B_output.txt, C_output.txt
    output: all.txt
    jobid: 1

[Wed Jan 20 19:37:21 2021]
Finished job 1.
7 of 8 steps (88%) done
Select jobs to execute...

[Wed Jan 20 19:37:21 2021]
localrule all:
    input: all.txt
    jobid: 0

[Wed Jan 20 19:37:21 2021]
Finished job 0.
8 of 8 steps (100%) done
Complete log: /home/dj/snakemake_demo/demo/example_1/.snakemake/log/2021-01-20T193721.041169.snakemake.log
